[Body] :

{
    "enes_id": "39",
    "enes_customer_id": "106",
    "enes_user_id": "27013",
    "tipo_cliente": "0",
    "prod_pannelli": "1487",
    "prod_inverter": "1526",
    "prod_batterie": null,
    "indirizzo": "Via dei Tribunali, Napoli, NA, Italia",
    "mq_copertura": "41",
    "numero_pannelli": "5",
    "numero_pannelli_ibrido": "0",
    "numero_pannelli_senza_batteria": "0",
    "costo_pannello": "45",
    "potenza_w_pannello": "600",
    "produzione_annua": null,
    "irradiazione_mq": "1589",
    "costo_kwh_rete": "1.08",
    "costo_prelievo_ssp": "1",
    "consumi_f1": "1",
    "consumi_f2": "2",
    "consumi_f3": "3",
    "somma_consumi": "6",
    "auto_consumi_f1": "0.70",
    "auto_consumi_f2": "0.60",
    "auto_consumi_f3": "0.90",
    "somma_auto_consumi": "0",
    "verso_rete_f1": null,
    "verso_rete_f2": null,
    "verso_rete_f3": null,
    "somma_verso_rete": null,
    "da_rete_f1": "0.30000000000000004",
    "da_rete_f2": "1.4",
    "da_rete_f3": "2.1",
    "somma_da_rete": "3",
    "fascia_giorno": "0.01",
    "fascia_notte": "0.01",
    "potenza_ftv": null,
    "potenza_necessaria_ibrido": "6",
    "potenza_necessaria_senza_batteria": "3",
    "ibrido": "false",
    "superfice_ibrido_richiesto": "0",
    "superfice_senza_batteria_richiesto": "0",
    "superfice_pannello": "1.7",
    "check_superfice": "1",
    "dimensioneFV_kWp_ibrio": "0.00",
    "dimensioneFV_kWp_senza_batteria": "0.00",
    "potenza_installata_ibrido": null,
    "potenza_installata_senza_batteria": null,
    "anni_n": "25",
    "ultima_bolletta": "13",
    "kw_in_bolletta": "12",
    "degradoPannelli": "0.4",
    "aumentoCostoEnergia": "2.5",
    "efficienza_inverter_accumulo": "80",
    "sam": "800",
    "dgra": "0.5",
    "af1": "90",
    "af2": "70",
    "af3": "70",
    "vec": "0.04",
    "ira": "0",
    "eccedenze_op": "31",
    "totale_costo_ibrdo": "150",
    "totale_costo_senza_batteria": "150",
    "prod_inverter_quantity": "1",
    "attach_map": "C:\\inetpub\\wwwroot\\attachments\\106\/energy\/",
    "attach_set_result_1": "C:\\inetpub\\wwwroot\\attachments\\106\/energy\/299f098f473541f08c7b194999aefcbd.jpg",
    "attach_set_result_2": "C:\\inetpub\\wwwroot\\attachments\\106\/energy\/3b964a55abe14d31b9cdbc386c0278d4.jpg",
    "attach_set_result_3": "C:\\inetpub\\wwwroot\\attachments\\106\/energy\/2a6302fdb8f549b48e26062bb4606602.jpg",
    "nome_pannelli": "Pannllo con 1,7 m di superifice",
    "nome_inverter": "Inverter 2 senza batteria",
    "brand_pannelli": "LONGI",
    "brand_inverter": "LONGI",
    "anagrafica": "luca giordano",
    "pathfile": "\/attachments\/106\/energy\/",
    "consulente": "Marino D Ignazio",
    "reg_mail": "giovannifiorillo90@gmail.com"
}

